  [1m[36m (1.4ms)[0m  [1mCREATE TABLE "schema_migrations" ("version" varchar NOT NULL) [0m
  [1m[35m (0.1ms)[0m  select sqlite_version(*)
  [1m[36m (1.1ms)[0m  [1mCREATE UNIQUE INDEX "unique_schema_migrations" ON "schema_migrations" ("version")[0m
  [1m[35mActiveRecord::SchemaMigration Load (0.1ms)[0m  SELECT "schema_migrations".* FROM "schema_migrations"


Started GET "/" for ::1 at 2015-11-16 16:12:00 -0600
Processing by Rails::WelcomeController#index as HTML
  Rendered /Users/admin/.rvm/gems/ruby-2.1.2/gems/railties-4.2.3/lib/rails/templates/rails/welcome/index.html.erb (1.9ms)
Completed 200 OK in 48ms (Views: 36.7ms | ActiveRecord: 0.0ms)


Started GET "/about" for ::1 at 2017-05-19 11:10:28 -0400

ActionController::RoutingError (uninitialized constant StaticController):
  activesupport (4.2.3) lib/active_support/inflector/methods.rb:261:in `const_get'
  activesupport (4.2.3) lib/active_support/inflector/methods.rb:261:in `block in constantize'
  activesupport (4.2.3) lib/active_support/inflector/methods.rb:259:in `each'
  activesupport (4.2.3) lib/active_support/inflector/methods.rb:259:in `inject'
  activesupport (4.2.3) lib/active_support/inflector/methods.rb:259:in `constantize'
  actionpack (4.2.3) lib/action_dispatch/routing/route_set.rb:72:in `controller_reference'
  actionpack (4.2.3) lib/action_dispatch/routing/route_set.rb:62:in `controller'
  actionpack (4.2.3) lib/action_dispatch/routing/route_set.rb:41:in `serve'
  actionpack (4.2.3) lib/action_dispatch/journey/router.rb:43:in `block in serve'
  actionpack (4.2.3) lib/action_dispatch/journey/router.rb:30:in `each'
  actionpack (4.2.3) lib/action_dispatch/journey/router.rb:30:in `serve'
  actionpack (4.2.3) lib/action_dispatch/routing/route_set.rb:821:in `call'
  rack (1.6.4) lib/rack/etag.rb:24:in `call'
  rack (1.6.4) lib/rack/conditionalget.rb:25:in `call'
  rack (1.6.4) lib/rack/head.rb:13:in `call'
  actionpack (4.2.3) lib/action_dispatch/middleware/params_parser.rb:27:in `call'
  actionpack (4.2.3) lib/action_dispatch/middleware/flash.rb:260:in `call'
  rack (1.6.4) lib/rack/session/abstract/id.rb:225:in `context'
  rack (1.6.4) lib/rack/session/abstract/id.rb:220:in `call'
  actionpack (4.2.3) lib/action_dispatch/middleware/cookies.rb:560:in `call'
  activerecord (4.2.3) lib/active_record/query_cache.rb:36:in `call'
  activerecord (4.2.3) lib/active_record/connection_adapters/abstract/connection_pool.rb:653:in `call'
  activerecord (4.2.3) lib/active_record/migration.rb:377:in `call'
  actionpack (4.2.3) lib/action_dispatch/middleware/callbacks.rb:29:in `block in call'
  activesupport (4.2.3) lib/active_support/callbacks.rb:84:in `run_callbacks'
  actionpack (4.2.3) lib/action_dispatch/middleware/callbacks.rb:27:in `call'
  actionpack (4.2.3) lib/action_dispatch/middleware/reloader.rb:73:in `call'
  actionpack (4.2.3) lib/action_dispatch/middleware/remote_ip.rb:78:in `call'
  actionpack (4.2.3) lib/action_dispatch/middleware/debug_exceptions.rb:17:in `call'
  web-console (2.2.1) lib/web_console/middleware.rb:39:in `call'
  actionpack (4.2.3) lib/action_dispatch/middleware/show_exceptions.rb:30:in `call'
  railties (4.2.3) lib/rails/rack/logger.rb:38:in `call_app'
  railties (4.2.3) lib/rails/rack/logger.rb:20:in `block in call'
  activesupport (4.2.3) lib/active_support/tagged_logging.rb:68:in `block in tagged'
  activesupport (4.2.3) lib/active_support/tagged_logging.rb:26:in `tagged'
  activesupport (4.2.3) lib/active_support/tagged_logging.rb:68:in `tagged'
  railties (4.2.3) lib/rails/rack/logger.rb:20:in `call'
  actionpack (4.2.3) lib/action_dispatch/middleware/request_id.rb:21:in `call'
  rack (1.6.4) lib/rack/methodoverride.rb:22:in `call'
  rack (1.6.4) lib/rack/runtime.rb:18:in `call'
  activesupport (4.2.3) lib/active_support/cache/strategy/local_cache_middleware.rb:28:in `call'
  rack (1.6.4) lib/rack/lock.rb:17:in `call'
  actionpack (4.2.3) lib/action_dispatch/middleware/static.rb:116:in `call'
  rack (1.6.4) lib/rack/sendfile.rb:113:in `call'
  railties (4.2.3) lib/rails/engine.rb:518:in `call'
  railties (4.2.3) lib/rails/application.rb:165:in `call'
  rack (1.6.4) lib/rack/lock.rb:17:in `call'
  rack (1.6.4) lib/rack/content_length.rb:15:in `call'
  rack (1.6.4) lib/rack/handler/webrick.rb:88:in `service'
  /Users/brettschules/.rvm/rubies/ruby-2.3.0/lib/ruby/2.3.0/webrick/httpserver.rb:140:in `service'
  /Users/brettschules/.rvm/rubies/ruby-2.3.0/lib/ruby/2.3.0/webrick/httpserver.rb:96:in `run'
  /Users/brettschules/.rvm/rubies/ruby-2.3.0/lib/ruby/2.3.0/webrick/server.rb:296:in `block in start_thread'


  Rendered /Users/brettschules/.rvm/gems/ruby-2.3.0/gems/actionpack-4.2.3/lib/action_dispatch/middleware/templates/rescues/_trace.html.erb (3.9ms)
  Rendered /Users/brettschules/.rvm/gems/ruby-2.3.0/gems/actionpack-4.2.3/lib/action_dispatch/middleware/templates/routes/_route.html.erb (1.9ms)
  Rendered /Users/brettschules/.rvm/gems/ruby-2.3.0/gems/actionpack-4.2.3/lib/action_dispatch/middleware/templates/routes/_table.html.erb (21.5ms)
  Rendered /Users/brettschules/.rvm/gems/ruby-2.3.0/gems/actionpack-4.2.3/lib/action_dispatch/middleware/templates/rescues/_request_and_response.html.erb (21.6ms)
  Rendered /Users/brettschules/.rvm/gems/ruby-2.3.0/gems/actionpack-4.2.3/lib/action_dispatch/middleware/templates/rescues/routing_error.html.erb within rescues/layout (237.2ms)
  Rendered /Users/brettschules/.rvm/gems/ruby-2.3.0/gems/web-console-2.2.1/lib/web_console/templates/_markup.html.erb (0.5ms)
  Rendered /Users/brettschules/.rvm/gems/ruby-2.3.0/gems/web-console-2.2.1/lib/web_console/templates/_inner_console_markup.html.erb within layouts/inlined_string (0.5ms)
  Rendered /Users/brettschules/.rvm/gems/ruby-2.3.0/gems/web-console-2.2.1/lib/web_console/templates/_prompt_box_markup.html.erb within layouts/inlined_string (0.5ms)
  Rendered /Users/brettschules/.rvm/gems/ruby-2.3.0/gems/web-console-2.2.1/lib/web_console/templates/style.css.erb within layouts/inlined_string (0.5ms)
  Rendered /Users/brettschules/.rvm/gems/ruby-2.3.0/gems/web-console-2.2.1/lib/web_console/templates/console.js.erb within layouts/javascript (128.9ms)
  Rendered /Users/brettschules/.rvm/gems/ruby-2.3.0/gems/web-console-2.2.1/lib/web_console/templates/main.js.erb within layouts/javascript (0.5ms)
  Rendered /Users/brettschules/.rvm/gems/ruby-2.3.0/gems/web-console-2.2.1/lib/web_console/templates/error_page.js.erb within layouts/javascript (0.6ms)
  Rendered /Users/brettschules/.rvm/gems/ruby-2.3.0/gems/web-console-2.2.1/lib/web_console/templates/index.html.erb (282.3ms)


Started GET "/hello_world" for ::1 at 2017-05-19 11:10:55 -0400

ActionController::RoutingError (uninitialized constant StaticController):
  activesupport (4.2.3) lib/active_support/inflector/methods.rb:261:in `const_get'
  activesupport (4.2.3) lib/active_support/inflector/methods.rb:261:in `block in constantize'
  activesupport (4.2.3) lib/active_support/inflector/methods.rb:259:in `each'
  activesupport (4.2.3) lib/active_support/inflector/methods.rb:259:in `inject'
  activesupport (4.2.3) lib/active_support/inflector/methods.rb:259:in `constantize'
  actionpack (4.2.3) lib/action_dispatch/routing/route_set.rb:72:in `controller_reference'
  actionpack (4.2.3) lib/action_dispatch/routing/route_set.rb:62:in `controller'
  actionpack (4.2.3) lib/action_dispatch/routing/route_set.rb:41:in `serve'
  actionpack (4.2.3) lib/action_dispatch/journey/router.rb:43:in `block in serve'
  actionpack (4.2.3) lib/action_dispatch/journey/router.rb:30:in `each'
  actionpack (4.2.3) lib/action_dispatch/journey/router.rb:30:in `serve'
  actionpack (4.2.3) lib/action_dispatch/routing/route_set.rb:821:in `call'
  rack (1.6.4) lib/rack/etag.rb:24:in `call'
  rack (1.6.4) lib/rack/conditionalget.rb:25:in `call'
  rack (1.6.4) lib/rack/head.rb:13:in `call'
  actionpack (4.2.3) lib/action_dispatch/middleware/params_parser.rb:27:in `call'
  actionpack (4.2.3) lib/action_dispatch/middleware/flash.rb:260:in `call'
  rack (1.6.4) lib/rack/session/abstract/id.rb:225:in `context'
  rack (1.6.4) lib/rack/session/abstract/id.rb:220:in `call'
  actionpack (4.2.3) lib/action_dispatch/middleware/cookies.rb:560:in `call'
  activerecord (4.2.3) lib/active_record/query_cache.rb:36:in `call'
  activerecord (4.2.3) lib/active_record/connection_adapters/abstract/connection_pool.rb:653:in `call'
  activerecord (4.2.3) lib/active_record/migration.rb:377:in `call'
  actionpack (4.2.3) lib/action_dispatch/middleware/callbacks.rb:29:in `block in call'
  activesupport (4.2.3) lib/active_support/callbacks.rb:84:in `run_callbacks'
  actionpack (4.2.3) lib/action_dispatch/middleware/callbacks.rb:27:in `call'
  actionpack (4.2.3) lib/action_dispatch/middleware/reloader.rb:73:in `call'
  actionpack (4.2.3) lib/action_dispatch/middleware/remote_ip.rb:78:in `call'
  actionpack (4.2.3) lib/action_dispatch/middleware/debug_exceptions.rb:17:in `call'
  web-console (2.2.1) lib/web_console/middleware.rb:39:in `call'
  actionpack (4.2.3) lib/action_dispatch/middleware/show_exceptions.rb:30:in `call'
  railties (4.2.3) lib/rails/rack/logger.rb:38:in `call_app'
  railties (4.2.3) lib/rails/rack/logger.rb:20:in `block in call'
  activesupport (4.2.3) lib/active_support/tagged_logging.rb:68:in `block in tagged'
  activesupport (4.2.3) lib/active_support/tagged_logging.rb:26:in `tagged'
  activesupport (4.2.3) lib/active_support/tagged_logging.rb:68:in `tagged'
  railties (4.2.3) lib/rails/rack/logger.rb:20:in `call'
  actionpack (4.2.3) lib/action_dispatch/middleware/request_id.rb:21:in `call'
  rack (1.6.4) lib/rack/methodoverride.rb:22:in `call'
  rack (1.6.4) lib/rack/runtime.rb:18:in `call'
  activesupport (4.2.3) lib/active_support/cache/strategy/local_cache_middleware.rb:28:in `call'
  rack (1.6.4) lib/rack/lock.rb:17:in `call'
  actionpack (4.2.3) lib/action_dispatch/middleware/static.rb:116:in `call'
  rack (1.6.4) lib/rack/sendfile.rb:113:in `call'
  railties (4.2.3) lib/rails/engine.rb:518:in `call'
  railties (4.2.3) lib/rails/application.rb:165:in `call'
  rack (1.6.4) lib/rack/lock.rb:17:in `call'
  rack (1.6.4) lib/rack/content_length.rb:15:in `call'
  rack (1.6.4) lib/rack/handler/webrick.rb:88:in `service'
  /Users/brettschules/.rvm/rubies/ruby-2.3.0/lib/ruby/2.3.0/webrick/httpserver.rb:140:in `service'
  /Users/brettschules/.rvm/rubies/ruby-2.3.0/lib/ruby/2.3.0/webrick/httpserver.rb:96:in `run'
  /Users/brettschules/.rvm/rubies/ruby-2.3.0/lib/ruby/2.3.0/webrick/server.rb:296:in `block in start_thread'


  Rendered /Users/brettschules/.rvm/gems/ruby-2.3.0/gems/actionpack-4.2.3/lib/action_dispatch/middleware/templates/rescues/_trace.html.erb (2.9ms)
  Rendered /Users/brettschules/.rvm/gems/ruby-2.3.0/gems/actionpack-4.2.3/lib/action_dispatch/middleware/templates/routes/_route.html.erb (1.0ms)
  Rendered /Users/brettschules/.rvm/gems/ruby-2.3.0/gems/actionpack-4.2.3/lib/action_dispatch/middleware/templates/routes/_table.html.erb (2.4ms)
  Rendered /Users/brettschules/.rvm/gems/ruby-2.3.0/gems/actionpack-4.2.3/lib/action_dispatch/middleware/templates/rescues/_request_and_response.html.erb (2.0ms)
  Rendered /Users/brettschules/.rvm/gems/ruby-2.3.0/gems/actionpack-4.2.3/lib/action_dispatch/middleware/templates/rescues/routing_error.html.erb within rescues/layout (170.9ms)
  Rendered /Users/brettschules/.rvm/gems/ruby-2.3.0/gems/web-console-2.2.1/lib/web_console/templates/_markup.html.erb (0.6ms)
  Rendered /Users/brettschules/.rvm/gems/ruby-2.3.0/gems/web-console-2.2.1/lib/web_console/templates/_inner_console_markup.html.erb within layouts/inlined_string (0.5ms)
  Rendered /Users/brettschules/.rvm/gems/ruby-2.3.0/gems/web-console-2.2.1/lib/web_console/templates/_prompt_box_markup.html.erb within layouts/inlined_string (0.5ms)
  Rendered /Users/brettschules/.rvm/gems/ruby-2.3.0/gems/web-console-2.2.1/lib/web_console/templates/style.css.erb within layouts/inlined_string (0.5ms)
  Rendered /Users/brettschules/.rvm/gems/ruby-2.3.0/gems/web-console-2.2.1/lib/web_console/templates/console.js.erb within layouts/javascript (112.4ms)
  Rendered /Users/brettschules/.rvm/gems/ruby-2.3.0/gems/web-console-2.2.1/lib/web_console/templates/main.js.erb within layouts/javascript (0.5ms)
  Rendered /Users/brettschules/.rvm/gems/ruby-2.3.0/gems/web-console-2.2.1/lib/web_console/templates/error_page.js.erb within layouts/javascript (0.6ms)
  Rendered /Users/brettschules/.rvm/gems/ruby-2.3.0/gems/web-console-2.2.1/lib/web_console/templates/index.html.erb (273.2ms)


Started GET "/hello_world" for ::1 at 2017-05-19 11:12:52 -0400

AbstractController::ActionNotFound (The action 'about' could not be found for StaticController):
  actionpack (4.2.3) lib/abstract_controller/base.rb:132:in `process'
  actionview (4.2.3) lib/action_view/rendering.rb:30:in `process'
  actionpack (4.2.3) lib/action_controller/metal.rb:196:in `dispatch'
  actionpack (4.2.3) lib/action_controller/metal/rack_delegation.rb:13:in `dispatch'
  actionpack (4.2.3) lib/action_controller/metal.rb:237:in `block in action'
  actionpack (4.2.3) lib/action_dispatch/routing/route_set.rb:76:in `dispatch'
  actionpack (4.2.3) lib/action_dispatch/routing/route_set.rb:45:in `serve'
  actionpack (4.2.3) lib/action_dispatch/journey/router.rb:43:in `block in serve'
  actionpack (4.2.3) lib/action_dispatch/journey/router.rb:30:in `each'
  actionpack (4.2.3) lib/action_dispatch/journey/router.rb:30:in `serve'
  actionpack (4.2.3) lib/action_dispatch/routing/route_set.rb:821:in `call'
  rack (1.6.4) lib/rack/etag.rb:24:in `call'
  rack (1.6.4) lib/rack/conditionalget.rb:25:in `call'
  rack (1.6.4) lib/rack/head.rb:13:in `call'
  actionpack (4.2.3) lib/action_dispatch/middleware/params_parser.rb:27:in `call'
  actionpack (4.2.3) lib/action_dispatch/middleware/flash.rb:260:in `call'
  rack (1.6.4) lib/rack/session/abstract/id.rb:225:in `context'
  rack (1.6.4) lib/rack/session/abstract/id.rb:220:in `call'
  actionpack (4.2.3) lib/action_dispatch/middleware/cookies.rb:560:in `call'
  activerecord (4.2.3) lib/active_record/query_cache.rb:36:in `call'
  activerecord (4.2.3) lib/active_record/connection_adapters/abstract/connection_pool.rb:653:in `call'
  activerecord (4.2.3) lib/active_record/migration.rb:377:in `call'
  actionpack (4.2.3) lib/action_dispatch/middleware/callbacks.rb:29:in `block in call'
  activesupport (4.2.3) lib/active_support/callbacks.rb:84:in `run_callbacks'
  actionpack (4.2.3) lib/action_dispatch/middleware/callbacks.rb:27:in `call'
  actionpack (4.2.3) lib/action_dispatch/middleware/reloader.rb:73:in `call'
  actionpack (4.2.3) lib/action_dispatch/middleware/remote_ip.rb:78:in `call'
  actionpack (4.2.3) lib/action_dispatch/middleware/debug_exceptions.rb:17:in `call'
  web-console (2.2.1) lib/web_console/middleware.rb:39:in `call'
  actionpack (4.2.3) lib/action_dispatch/middleware/show_exceptions.rb:30:in `call'
  railties (4.2.3) lib/rails/rack/logger.rb:38:in `call_app'
  railties (4.2.3) lib/rails/rack/logger.rb:20:in `block in call'
  activesupport (4.2.3) lib/active_support/tagged_logging.rb:68:in `block in tagged'
  activesupport (4.2.3) lib/active_support/tagged_logging.rb:26:in `tagged'
  activesupport (4.2.3) lib/active_support/tagged_logging.rb:68:in `tagged'
  railties (4.2.3) lib/rails/rack/logger.rb:20:in `call'
  actionpack (4.2.3) lib/action_dispatch/middleware/request_id.rb:21:in `call'
  rack (1.6.4) lib/rack/methodoverride.rb:22:in `call'
  rack (1.6.4) lib/rack/runtime.rb:18:in `call'
  activesupport (4.2.3) lib/active_support/cache/strategy/local_cache_middleware.rb:28:in `call'
  rack (1.6.4) lib/rack/lock.rb:17:in `call'
  actionpack (4.2.3) lib/action_dispatch/middleware/static.rb:116:in `call'
  rack (1.6.4) lib/rack/sendfile.rb:113:in `call'
  railties (4.2.3) lib/rails/engine.rb:518:in `call'
  railties (4.2.3) lib/rails/application.rb:165:in `call'
  rack (1.6.4) lib/rack/lock.rb:17:in `call'
  rack (1.6.4) lib/rack/content_length.rb:15:in `call'
  rack (1.6.4) lib/rack/handler/webrick.rb:88:in `service'
  /Users/brettschules/.rvm/rubies/ruby-2.3.0/lib/ruby/2.3.0/webrick/httpserver.rb:140:in `service'
  /Users/brettschules/.rvm/rubies/ruby-2.3.0/lib/ruby/2.3.0/webrick/httpserver.rb:96:in `run'
  /Users/brettschules/.rvm/rubies/ruby-2.3.0/lib/ruby/2.3.0/webrick/server.rb:296:in `block in start_thread'


  Rendered /Users/brettschules/.rvm/gems/ruby-2.3.0/gems/actionpack-4.2.3/lib/action_dispatch/middleware/templates/rescues/unknown_action.html.erb within rescues/layout (0.6ms)
  Rendered /Users/brettschules/.rvm/gems/ruby-2.3.0/gems/web-console-2.2.1/lib/web_console/templates/_markup.html.erb (0.6ms)
  Rendered /Users/brettschules/.rvm/gems/ruby-2.3.0/gems/web-console-2.2.1/lib/web_console/templates/_inner_console_markup.html.erb within layouts/inlined_string (0.9ms)
  Rendered /Users/brettschules/.rvm/gems/ruby-2.3.0/gems/web-console-2.2.1/lib/web_console/templates/_prompt_box_markup.html.erb within layouts/inlined_string (0.5ms)
  Rendered /Users/brettschules/.rvm/gems/ruby-2.3.0/gems/web-console-2.2.1/lib/web_console/templates/style.css.erb within layouts/inlined_string (0.9ms)
  Rendered /Users/brettschules/.rvm/gems/ruby-2.3.0/gems/web-console-2.2.1/lib/web_console/templates/console.js.erb within layouts/javascript (134.3ms)
  Rendered /Users/brettschules/.rvm/gems/ruby-2.3.0/gems/web-console-2.2.1/lib/web_console/templates/main.js.erb within layouts/javascript (0.5ms)
  Rendered /Users/brettschules/.rvm/gems/ruby-2.3.0/gems/web-console-2.2.1/lib/web_console/templates/error_page.js.erb within layouts/javascript (0.6ms)
  Rendered /Users/brettschules/.rvm/gems/ruby-2.3.0/gems/web-console-2.2.1/lib/web_console/templates/index.html.erb (309.5ms)


Started GET "/hello_world" for ::1 at 2017-05-19 11:13:26 -0400
Processing by StaticController#about as HTML
Completed 500 Internal Server Error in 8ms (ActiveRecord: 0.0ms)

ActionView::MissingTemplate (Missing template static/about, application/about with {:locale=>[:en], :formats=>[:html], :variants=>[], :handlers=>[:erb, :builder, :raw, :ruby, :coffee, :jbuilder]}. Searched in:
  * "/Users/brettschules/Desktop/Dev/Flatiron/rails-hello-world-lab-web-042417/app/views"
):
  actionview (4.2.3) lib/action_view/path_set.rb:46:in `find'
  actionview (4.2.3) lib/action_view/lookup_context.rb:121:in `find'
  actionview (4.2.3) lib/action_view/renderer/abstract_renderer.rb:18:in `find_template'
  actionview (4.2.3) lib/action_view/renderer/template_renderer.rb:40:in `determine_template'
  actionview (4.2.3) lib/action_view/renderer/template_renderer.rb:8:in `render'
  actionview (4.2.3) lib/action_view/renderer/renderer.rb:42:in `render_template'
  actionview (4.2.3) lib/action_view/renderer/renderer.rb:23:in `render'
  actionview (4.2.3) lib/action_view/rendering.rb:100:in `_render_template'
  actionpack (4.2.3) lib/action_controller/metal/streaming.rb:217:in `_render_template'
  actionview (4.2.3) lib/action_view/rendering.rb:83:in `render_to_body'
  actionpack (4.2.3) lib/action_controller/metal/rendering.rb:32:in `render_to_body'
  actionpack (4.2.3) lib/action_controller/metal/renderers.rb:37:in `render_to_body'
  actionpack (4.2.3) lib/abstract_controller/rendering.rb:25:in `render'
  actionpack (4.2.3) lib/action_controller/metal/rendering.rb:16:in `render'
  actionpack (4.2.3) lib/action_controller/metal/instrumentation.rb:44:in `block (2 levels) in render'
  activesupport (4.2.3) lib/active_support/core_ext/benchmark.rb:12:in `block in ms'
  /Users/brettschules/.rvm/rubies/ruby-2.3.0/lib/ruby/2.3.0/benchmark.rb:308:in `realtime'
  activesupport (4.2.3) lib/active_support/core_ext/benchmark.rb:12:in `ms'
  actionpack (4.2.3) lib/action_controller/metal/instrumentation.rb:44:in `block in render'
  actionpack (4.2.3) lib/action_controller/metal/instrumentation.rb:87:in `cleanup_view_runtime'
  activerecord (4.2.3) lib/active_record/railties/controller_runtime.rb:25:in `cleanup_view_runtime'
  actionpack (4.2.3) lib/action_controller/metal/instrumentation.rb:43:in `render'
  actionpack (4.2.3) lib/action_controller/metal/implicit_render.rb:10:in `default_render'
  actionpack (4.2.3) lib/action_controller/metal/implicit_render.rb:5:in `send_action'
  actionpack (4.2.3) lib/abstract_controller/base.rb:198:in `process_action'
  actionpack (4.2.3) lib/action_controller/metal/rendering.rb:10:in `process_action'
  actionpack (4.2.3) lib/abstract_controller/callbacks.rb:20:in `block in process_action'
  activesupport (4.2.3) lib/active_support/callbacks.rb:115:in `call'
  activesupport (4.2.3) lib/active_support/callbacks.rb:553:in `block (2 levels) in compile'
  activesupport (4.2.3) lib/active_support/callbacks.rb:503:in `call'
  activesupport (4.2.3) lib/active_support/callbacks.rb:88:in `run_callbacks'
  actionpack (4.2.3) lib/abstract_controller/callbacks.rb:19:in `process_action'
  actionpack (4.2.3) lib/action_controller/metal/rescue.rb:29:in `process_action'
  actionpack (4.2.3) lib/action_controller/metal/instrumentation.rb:32:in `block in process_action'
  activesupport (4.2.3) lib/active_support/notifications.rb:164:in `block in instrument'
  activesupport (4.2.3) lib/active_support/notifications/instrumenter.rb:20:in `instrument'
  activesupport (4.2.3) lib/active_support/notifications.rb:164:in `instrument'
  actionpack (4.2.3) lib/action_controller/metal/instrumentation.rb:30:in `process_action'
  actionpack (4.2.3) lib/action_controller/metal/params_wrapper.rb:250:in `process_action'
  activerecord (4.2.3) lib/active_record/railties/controller_runtime.rb:18:in `process_action'
  actionpack (4.2.3) lib/abstract_controller/base.rb:137:in `process'
  actionview (4.2.3) lib/action_view/rendering.rb:30:in `process'
  actionpack (4.2.3) lib/action_controller/metal.rb:196:in `dispatch'
  actionpack (4.2.3) lib/action_controller/metal/rack_delegation.rb:13:in `dispatch'
  actionpack (4.2.3) lib/action_controller/metal.rb:237:in `block in action'
  actionpack (4.2.3) lib/action_dispatch/routing/route_set.rb:76:in `dispatch'
  actionpack (4.2.3) lib/action_dispatch/routing/route_set.rb:45:in `serve'
  actionpack (4.2.3) lib/action_dispatch/journey/router.rb:43:in `block in serve'
  actionpack (4.2.3) lib/action_dispatch/journey/router.rb:30:in `each'
  actionpack (4.2.3) lib/action_dispatch/journey/router.rb:30:in `serve'
  actionpack (4.2.3) lib/action_dispatch/routing/route_set.rb:821:in `call'
  rack (1.6.4) lib/rack/etag.rb:24:in `call'
  rack (1.6.4) lib/rack/conditionalget.rb:25:in `call'
  rack (1.6.4) lib/rack/head.rb:13:in `call'
  actionpack (4.2.3) lib/action_dispatch/middleware/params_parser.rb:27:in `call'
  actionpack (4.2.3) lib/action_dispatch/middleware/flash.rb:260:in `call'
  rack (1.6.4) lib/rack/session/abstract/id.rb:225:in `context'
  rack (1.6.4) lib/rack/session/abstract/id.rb:220:in `call'
  actionpack (4.2.3) lib/action_dispatch/middleware/cookies.rb:560:in `call'
  activerecord (4.2.3) lib/active_record/query_cache.rb:36:in `call'
  activerecord (4.2.3) lib/active_record/connection_adapters/abstract/connection_pool.rb:653:in `call'
  activerecord (4.2.3) lib/active_record/migration.rb:377:in `call'
  actionpack (4.2.3) lib/action_dispatch/middleware/callbacks.rb:29:in `block in call'
  activesupport (4.2.3) lib/active_support/callbacks.rb:84:in `run_callbacks'
  actionpack (4.2.3) lib/action_dispatch/middleware/callbacks.rb:27:in `call'
  actionpack (4.2.3) lib/action_dispatch/middleware/reloader.rb:73:in `call'
  actionpack (4.2.3) lib/action_dispatch/middleware/remote_ip.rb:78:in `call'
  actionpack (4.2.3) lib/action_dispatch/middleware/debug_exceptions.rb:17:in `call'
  web-console (2.2.1) lib/web_console/middleware.rb:39:in `call'
  actionpack (4.2.3) lib/action_dispatch/middleware/show_exceptions.rb:30:in `call'
  railties (4.2.3) lib/rails/rack/logger.rb:38:in `call_app'
  railties (4.2.3) lib/rails/rack/logger.rb:20:in `block in call'
  activesupport (4.2.3) lib/active_support/tagged_logging.rb:68:in `block in tagged'
  activesupport (4.2.3) lib/active_support/tagged_logging.rb:26:in `tagged'
  activesupport (4.2.3) lib/active_support/tagged_logging.rb:68:in `tagged'
  railties (4.2.3) lib/rails/rack/logger.rb:20:in `call'
  actionpack (4.2.3) lib/action_dispatch/middleware/request_id.rb:21:in `call'
  rack (1.6.4) lib/rack/methodoverride.rb:22:in `call'
  rack (1.6.4) lib/rack/runtime.rb:18:in `call'
  activesupport (4.2.3) lib/active_support/cache/strategy/local_cache_middleware.rb:28:in `call'
  rack (1.6.4) lib/rack/lock.rb:17:in `call'
  actionpack (4.2.3) lib/action_dispatch/middleware/static.rb:116:in `call'
  rack (1.6.4) lib/rack/sendfile.rb:113:in `call'
  railties (4.2.3) lib/rails/engine.rb:518:in `call'
  railties (4.2.3) lib/rails/application.rb:165:in `call'
  rack (1.6.4) lib/rack/lock.rb:17:in `call'
  rack (1.6.4) lib/rack/content_length.rb:15:in `call'
  rack (1.6.4) lib/rack/handler/webrick.rb:88:in `service'
  /Users/brettschules/.rvm/rubies/ruby-2.3.0/lib/ruby/2.3.0/webrick/httpserver.rb:140:in `service'
  /Users/brettschules/.rvm/rubies/ruby-2.3.0/lib/ruby/2.3.0/webrick/httpserver.rb:96:in `run'
  /Users/brettschules/.rvm/rubies/ruby-2.3.0/lib/ruby/2.3.0/webrick/server.rb:296:in `block in start_thread'


  Rendered /Users/brettschules/.rvm/gems/ruby-2.3.0/gems/actionpack-4.2.3/lib/action_dispatch/middleware/templates/rescues/_source.erb (11.4ms)
  Rendered /Users/brettschules/.rvm/gems/ruby-2.3.0/gems/actionpack-4.2.3/lib/action_dispatch/middleware/templates/rescues/_trace.html.erb (4.0ms)
  Rendered /Users/brettschules/.rvm/gems/ruby-2.3.0/gems/actionpack-4.2.3/lib/action_dispatch/middleware/templates/rescues/_request_and_response.html.erb (1.2ms)
  Rendered /Users/brettschules/.rvm/gems/ruby-2.3.0/gems/actionpack-4.2.3/lib/action_dispatch/middleware/templates/rescues/missing_template.html.erb within rescues/layout (131.3ms)
  Rendered /Users/brettschules/.rvm/gems/ruby-2.3.0/gems/web-console-2.2.1/lib/web_console/templates/_markup.html.erb (0.6ms)
  Rendered /Users/brettschules/.rvm/gems/ruby-2.3.0/gems/web-console-2.2.1/lib/web_console/templates/_inner_console_markup.html.erb within layouts/inlined_string (0.8ms)
  Rendered /Users/brettschules/.rvm/gems/ruby-2.3.0/gems/web-console-2.2.1/lib/web_console/templates/_prompt_box_markup.html.erb within layouts/inlined_string (0.5ms)
  Rendered /Users/brettschules/.rvm/gems/ruby-2.3.0/gems/web-console-2.2.1/lib/web_console/templates/style.css.erb within layouts/inlined_string (0.5ms)
  Rendered /Users/brettschules/.rvm/gems/ruby-2.3.0/gems/web-console-2.2.1/lib/web_console/templates/console.js.erb within layouts/javascript (110.7ms)
  Rendered /Users/brettschules/.rvm/gems/ruby-2.3.0/gems/web-console-2.2.1/lib/web_console/templates/main.js.erb within layouts/javascript (0.5ms)
  Rendered /Users/brettschules/.rvm/gems/ruby-2.3.0/gems/web-console-2.2.1/lib/web_console/templates/error_page.js.erb within layouts/javascript (0.7ms)
  Rendered /Users/brettschules/.rvm/gems/ruby-2.3.0/gems/web-console-2.2.1/lib/web_console/templates/index.html.erb (246.5ms)


Started GET "/hello_world" for ::1 at 2017-05-19 11:15:19 -0400
Processing by StaticController#about as HTML
Completed 500 Internal Server Error in 8ms (ActiveRecord: 0.0ms)

ActionView::MissingTemplate (Missing template static/some_page, application/some_page with {:locale=>[:en], :formats=>[:html], :variants=>[], :handlers=>[:erb, :builder, :raw, :ruby, :coffee, :jbuilder]}. Searched in:
  * "/Users/brettschules/Desktop/Dev/Flatiron/rails-hello-world-lab-web-042417/app/views"
):
  app/controllers/static_controller.rb:3:in `about'


  Rendered /Users/brettschules/.rvm/gems/ruby-2.3.0/gems/actionpack-4.2.3/lib/action_dispatch/middleware/templates/rescues/_source.erb (9.9ms)
  Rendered /Users/brettschules/.rvm/gems/ruby-2.3.0/gems/actionpack-4.2.3/lib/action_dispatch/middleware/templates/rescues/_trace.html.erb (4.5ms)
  Rendered /Users/brettschules/.rvm/gems/ruby-2.3.0/gems/actionpack-4.2.3/lib/action_dispatch/middleware/templates/rescues/_request_and_response.html.erb (1.4ms)
  Rendered /Users/brettschules/.rvm/gems/ruby-2.3.0/gems/actionpack-4.2.3/lib/action_dispatch/middleware/templates/rescues/missing_template.html.erb within rescues/layout (139.8ms)
  Rendered /Users/brettschules/.rvm/gems/ruby-2.3.0/gems/web-console-2.2.1/lib/web_console/templates/_markup.html.erb (0.9ms)
  Rendered /Users/brettschules/.rvm/gems/ruby-2.3.0/gems/web-console-2.2.1/lib/web_console/templates/_inner_console_markup.html.erb within layouts/inlined_string (0.8ms)
  Rendered /Users/brettschules/.rvm/gems/ruby-2.3.0/gems/web-console-2.2.1/lib/web_console/templates/_prompt_box_markup.html.erb within layouts/inlined_string (0.6ms)
  Rendered /Users/brettschules/.rvm/gems/ruby-2.3.0/gems/web-console-2.2.1/lib/web_console/templates/style.css.erb within layouts/inlined_string (0.8ms)
  Rendered /Users/brettschules/.rvm/gems/ruby-2.3.0/gems/web-console-2.2.1/lib/web_console/templates/console.js.erb within layouts/javascript (110.8ms)
  Rendered /Users/brettschules/.rvm/gems/ruby-2.3.0/gems/web-console-2.2.1/lib/web_console/templates/main.js.erb within layouts/javascript (1.0ms)
  Rendered /Users/brettschules/.rvm/gems/ruby-2.3.0/gems/web-console-2.2.1/lib/web_console/templates/error_page.js.erb within layouts/javascript (1.8ms)
  Rendered /Users/brettschules/.rvm/gems/ruby-2.3.0/gems/web-console-2.2.1/lib/web_console/templates/index.html.erb (247.7ms)


Started GET "/hello_world" for ::1 at 2017-05-19 11:16:48 -0400
Processing by StaticController#about as HTML
Completed 500 Internal Server Error in 45ms (ActiveRecord: 0.0ms)

ActionView::MissingTemplate (Missing template static/some_page, application/some_page with {:locale=>[:en], :formats=>[:html], :variants=>[], :handlers=>[:erb, :builder, :raw, :ruby, :coffee, :jbuilder]}. Searched in:
  * "/Users/brettschules/Desktop/Dev/Flatiron/rails-hello-world-lab-web-042417/app/views"
):
  app/controllers/static_controller.rb:3:in `about'


  Rendered /Users/brettschules/.rvm/gems/ruby-2.3.0/gems/actionpack-4.2.3/lib/action_dispatch/middleware/templates/rescues/_source.erb (9.1ms)
  Rendered /Users/brettschules/.rvm/gems/ruby-2.3.0/gems/actionpack-4.2.3/lib/action_dispatch/middleware/templates/rescues/_trace.html.erb (4.2ms)
  Rendered /Users/brettschules/.rvm/gems/ruby-2.3.0/gems/actionpack-4.2.3/lib/action_dispatch/middleware/templates/rescues/_request_and_response.html.erb (1.7ms)
  Rendered /Users/brettschules/.rvm/gems/ruby-2.3.0/gems/actionpack-4.2.3/lib/action_dispatch/middleware/templates/rescues/missing_template.html.erb within rescues/layout (154.9ms)
  Rendered /Users/brettschules/.rvm/gems/ruby-2.3.0/gems/web-console-2.2.1/lib/web_console/templates/_markup.html.erb (0.6ms)
  Rendered /Users/brettschules/.rvm/gems/ruby-2.3.0/gems/web-console-2.2.1/lib/web_console/templates/_inner_console_markup.html.erb within layouts/inlined_string (0.6ms)
  Rendered /Users/brettschules/.rvm/gems/ruby-2.3.0/gems/web-console-2.2.1/lib/web_console/templates/_prompt_box_markup.html.erb within layouts/inlined_string (0.7ms)
  Rendered /Users/brettschules/.rvm/gems/ruby-2.3.0/gems/web-console-2.2.1/lib/web_console/templates/style.css.erb within layouts/inlined_string (0.6ms)
  Rendered /Users/brettschules/.rvm/gems/ruby-2.3.0/gems/web-console-2.2.1/lib/web_console/templates/console.js.erb within layouts/javascript (128.8ms)
  Rendered /Users/brettschules/.rvm/gems/ruby-2.3.0/gems/web-console-2.2.1/lib/web_console/templates/main.js.erb within layouts/javascript (0.5ms)
  Rendered /Users/brettschules/.rvm/gems/ruby-2.3.0/gems/web-console-2.2.1/lib/web_console/templates/error_page.js.erb within layouts/javascript (1.1ms)
  Rendered /Users/brettschules/.rvm/gems/ruby-2.3.0/gems/web-console-2.2.1/lib/web_console/templates/index.html.erb (286.6ms)


Started GET "/hello_world" for ::1 at 2017-05-19 11:19:04 -0400

AbstractController::ActionNotFound (The action 'about' could not be found for StaticController):
  actionpack (4.2.3) lib/abstract_controller/base.rb:132:in `process'
  actionview (4.2.3) lib/action_view/rendering.rb:30:in `process'
  actionpack (4.2.3) lib/action_controller/metal.rb:196:in `dispatch'
  actionpack (4.2.3) lib/action_controller/metal/rack_delegation.rb:13:in `dispatch'
  actionpack (4.2.3) lib/action_controller/metal.rb:237:in `block in action'
  actionpack (4.2.3) lib/action_dispatch/routing/route_set.rb:76:in `dispatch'
  actionpack (4.2.3) lib/action_dispatch/routing/route_set.rb:45:in `serve'
  actionpack (4.2.3) lib/action_dispatch/journey/router.rb:43:in `block in serve'
  actionpack (4.2.3) lib/action_dispatch/journey/router.rb:30:in `each'
  actionpack (4.2.3) lib/action_dispatch/journey/router.rb:30:in `serve'
  actionpack (4.2.3) lib/action_dispatch/routing/route_set.rb:821:in `call'
  rack (1.6.4) lib/rack/etag.rb:24:in `call'
  rack (1.6.4) lib/rack/conditionalget.rb:25:in `call'
  rack (1.6.4) lib/rack/head.rb:13:in `call'
  actionpack (4.2.3) lib/action_dispatch/middleware/params_parser.rb:27:in `call'
  actionpack (4.2.3) lib/action_dispatch/middleware/flash.rb:260:in `call'
  rack (1.6.4) lib/rack/session/abstract/id.rb:225:in `context'
  rack (1.6.4) lib/rack/session/abstract/id.rb:220:in `call'
  actionpack (4.2.3) lib/action_dispatch/middleware/cookies.rb:560:in `call'
  activerecord (4.2.3) lib/active_record/query_cache.rb:36:in `call'
  activerecord (4.2.3) lib/active_record/connection_adapters/abstract/connection_pool.rb:653:in `call'
  activerecord (4.2.3) lib/active_record/migration.rb:377:in `call'
  actionpack (4.2.3) lib/action_dispatch/middleware/callbacks.rb:29:in `block in call'
  activesupport (4.2.3) lib/active_support/callbacks.rb:84:in `run_callbacks'
  actionpack (4.2.3) lib/action_dispatch/middleware/callbacks.rb:27:in `call'
  actionpack (4.2.3) lib/action_dispatch/middleware/reloader.rb:73:in `call'
  actionpack (4.2.3) lib/action_dispatch/middleware/remote_ip.rb:78:in `call'
  actionpack (4.2.3) lib/action_dispatch/middleware/debug_exceptions.rb:17:in `call'
  web-console (2.2.1) lib/web_console/middleware.rb:39:in `call'
  actionpack (4.2.3) lib/action_dispatch/middleware/show_exceptions.rb:30:in `call'
  railties (4.2.3) lib/rails/rack/logger.rb:38:in `call_app'
  railties (4.2.3) lib/rails/rack/logger.rb:20:in `block in call'
  activesupport (4.2.3) lib/active_support/tagged_logging.rb:68:in `block in tagged'
  activesupport (4.2.3) lib/active_support/tagged_logging.rb:26:in `tagged'
  activesupport (4.2.3) lib/active_support/tagged_logging.rb:68:in `tagged'
  railties (4.2.3) lib/rails/rack/logger.rb:20:in `call'
  actionpack (4.2.3) lib/action_dispatch/middleware/request_id.rb:21:in `call'
  rack (1.6.4) lib/rack/methodoverride.rb:22:in `call'
  rack (1.6.4) lib/rack/runtime.rb:18:in `call'
  activesupport (4.2.3) lib/active_support/cache/strategy/local_cache_middleware.rb:28:in `call'
  rack (1.6.4) lib/rack/lock.rb:17:in `call'
  actionpack (4.2.3) lib/action_dispatch/middleware/static.rb:116:in `call'
  rack (1.6.4) lib/rack/sendfile.rb:113:in `call'
  railties (4.2.3) lib/rails/engine.rb:518:in `call'
  railties (4.2.3) lib/rails/application.rb:165:in `call'
  rack (1.6.4) lib/rack/lock.rb:17:in `call'
  rack (1.6.4) lib/rack/content_length.rb:15:in `call'
  rack (1.6.4) lib/rack/handler/webrick.rb:88:in `service'
  /Users/brettschules/.rvm/rubies/ruby-2.3.0/lib/ruby/2.3.0/webrick/httpserver.rb:140:in `service'
  /Users/brettschules/.rvm/rubies/ruby-2.3.0/lib/ruby/2.3.0/webrick/httpserver.rb:96:in `run'
  /Users/brettschules/.rvm/rubies/ruby-2.3.0/lib/ruby/2.3.0/webrick/server.rb:296:in `block in start_thread'


  Rendered /Users/brettschules/.rvm/gems/ruby-2.3.0/gems/actionpack-4.2.3/lib/action_dispatch/middleware/templates/rescues/unknown_action.html.erb within rescues/layout (0.6ms)
  Rendered /Users/brettschules/.rvm/gems/ruby-2.3.0/gems/web-console-2.2.1/lib/web_console/templates/_markup.html.erb (0.6ms)
  Rendered /Users/brettschules/.rvm/gems/ruby-2.3.0/gems/web-console-2.2.1/lib/web_console/templates/_inner_console_markup.html.erb within layouts/inlined_string (0.8ms)
  Rendered /Users/brettschules/.rvm/gems/ruby-2.3.0/gems/web-console-2.2.1/lib/web_console/templates/_prompt_box_markup.html.erb within layouts/inlined_string (0.5ms)
  Rendered /Users/brettschules/.rvm/gems/ruby-2.3.0/gems/web-console-2.2.1/lib/web_console/templates/style.css.erb within layouts/inlined_string (0.6ms)
  Rendered /Users/brettschules/.rvm/gems/ruby-2.3.0/gems/web-console-2.2.1/lib/web_console/templates/console.js.erb within layouts/javascript (116.6ms)
  Rendered /Users/brettschules/.rvm/gems/ruby-2.3.0/gems/web-console-2.2.1/lib/web_console/templates/main.js.erb within layouts/javascript (0.5ms)
  Rendered /Users/brettschules/.rvm/gems/ruby-2.3.0/gems/web-console-2.2.1/lib/web_console/templates/error_page.js.erb within layouts/javascript (0.6ms)
  Rendered /Users/brettschules/.rvm/gems/ruby-2.3.0/gems/web-console-2.2.1/lib/web_console/templates/index.html.erb (276.1ms)


Started GET "/hello_world" for ::1 at 2017-05-19 11:19:16 -0400
Processing by StaticController#hello_world as HTML
Completed 500 Internal Server Error in 7ms (ActiveRecord: 0.0ms)

ActionView::MissingTemplate (Missing template static/some_page, application/some_page with {:locale=>[:en], :formats=>[:html], :variants=>[], :handlers=>[:erb, :builder, :raw, :ruby, :coffee, :jbuilder]}. Searched in:
  * "/Users/brettschules/Desktop/Dev/Flatiron/rails-hello-world-lab-web-042417/app/views"
):
  app/controllers/static_controller.rb:3:in `hello_world'


  Rendered /Users/brettschules/.rvm/gems/ruby-2.3.0/gems/actionpack-4.2.3/lib/action_dispatch/middleware/templates/rescues/_source.erb (11.7ms)
  Rendered /Users/brettschules/.rvm/gems/ruby-2.3.0/gems/actionpack-4.2.3/lib/action_dispatch/middleware/templates/rescues/_trace.html.erb (4.5ms)
  Rendered /Users/brettschules/.rvm/gems/ruby-2.3.0/gems/actionpack-4.2.3/lib/action_dispatch/middleware/templates/rescues/_request_and_response.html.erb (1.3ms)
  Rendered /Users/brettschules/.rvm/gems/ruby-2.3.0/gems/actionpack-4.2.3/lib/action_dispatch/middleware/templates/rescues/missing_template.html.erb within rescues/layout (139.4ms)
  Rendered /Users/brettschules/.rvm/gems/ruby-2.3.0/gems/web-console-2.2.1/lib/web_console/templates/_markup.html.erb (0.5ms)
  Rendered /Users/brettschules/.rvm/gems/ruby-2.3.0/gems/web-console-2.2.1/lib/web_console/templates/_inner_console_markup.html.erb within layouts/inlined_string (0.5ms)
  Rendered /Users/brettschules/.rvm/gems/ruby-2.3.0/gems/web-console-2.2.1/lib/web_console/templates/_prompt_box_markup.html.erb within layouts/inlined_string (0.5ms)
  Rendered /Users/brettschules/.rvm/gems/ruby-2.3.0/gems/web-console-2.2.1/lib/web_console/templates/style.css.erb within layouts/inlined_string (0.5ms)
  Rendered /Users/brettschules/.rvm/gems/ruby-2.3.0/gems/web-console-2.2.1/lib/web_console/templates/console.js.erb within layouts/javascript (104.3ms)
  Rendered /Users/brettschules/.rvm/gems/ruby-2.3.0/gems/web-console-2.2.1/lib/web_console/templates/main.js.erb within layouts/javascript (0.5ms)
  Rendered /Users/brettschules/.rvm/gems/ruby-2.3.0/gems/web-console-2.2.1/lib/web_console/templates/error_page.js.erb within layouts/javascript (0.7ms)
  Rendered /Users/brettschules/.rvm/gems/ruby-2.3.0/gems/web-console-2.2.1/lib/web_console/templates/index.html.erb (246.9ms)


Started GET "/hello_world" for ::1 at 2017-05-19 11:19:32 -0400
Processing by StaticController#hello_world as HTML
Completed 500 Internal Server Error in 6ms (ActiveRecord: 0.0ms)

ActionView::MissingTemplate (Missing template static/some_page.html.erb, application/some_page.html.erb with {:locale=>[:en], :formats=>[:html], :variants=>[], :handlers=>[:erb, :builder, :raw, :ruby, :coffee, :jbuilder]}. Searched in:
  * "/Users/brettschules/Desktop/Dev/Flatiron/rails-hello-world-lab-web-042417/app/views"
):
  app/controllers/static_controller.rb:3:in `hello_world'


  Rendered /Users/brettschules/.rvm/gems/ruby-2.3.0/gems/actionpack-4.2.3/lib/action_dispatch/middleware/templates/rescues/_source.erb (8.9ms)
  Rendered /Users/brettschules/.rvm/gems/ruby-2.3.0/gems/actionpack-4.2.3/lib/action_dispatch/middleware/templates/rescues/_trace.html.erb (11.7ms)
  Rendered /Users/brettschules/.rvm/gems/ruby-2.3.0/gems/actionpack-4.2.3/lib/action_dispatch/middleware/templates/rescues/_request_and_response.html.erb (1.3ms)
  Rendered /Users/brettschules/.rvm/gems/ruby-2.3.0/gems/actionpack-4.2.3/lib/action_dispatch/middleware/templates/rescues/missing_template.html.erb within rescues/layout (131.9ms)
  Rendered /Users/brettschules/.rvm/gems/ruby-2.3.0/gems/web-console-2.2.1/lib/web_console/templates/_markup.html.erb (0.5ms)
  Rendered /Users/brettschules/.rvm/gems/ruby-2.3.0/gems/web-console-2.2.1/lib/web_console/templates/_inner_console_markup.html.erb within layouts/inlined_string (0.5ms)
  Rendered /Users/brettschules/.rvm/gems/ruby-2.3.0/gems/web-console-2.2.1/lib/web_console/templates/_prompt_box_markup.html.erb within layouts/inlined_string (0.9ms)
  Rendered /Users/brettschules/.rvm/gems/ruby-2.3.0/gems/web-console-2.2.1/lib/web_console/templates/style.css.erb within layouts/inlined_string (0.6ms)
  Rendered /Users/brettschules/.rvm/gems/ruby-2.3.0/gems/web-console-2.2.1/lib/web_console/templates/console.js.erb within layouts/javascript (123.9ms)
  Rendered /Users/brettschules/.rvm/gems/ruby-2.3.0/gems/web-console-2.2.1/lib/web_console/templates/main.js.erb within layouts/javascript (0.5ms)
  Rendered /Users/brettschules/.rvm/gems/ruby-2.3.0/gems/web-console-2.2.1/lib/web_console/templates/error_page.js.erb within layouts/javascript (1.1ms)
  Rendered /Users/brettschules/.rvm/gems/ruby-2.3.0/gems/web-console-2.2.1/lib/web_console/templates/index.html.erb (262.2ms)


Started GET "/hello_world" for ::1 at 2017-05-19 11:19:35 -0400
Processing by StaticController#hello_world as HTML
Completed 500 Internal Server Error in 6ms (ActiveRecord: 0.0ms)

ActionView::MissingTemplate (Missing template static/some_page.html.erb, application/some_page.html.erb with {:locale=>[:en], :formats=>[:html], :variants=>[], :handlers=>[:erb, :builder, :raw, :ruby, :coffee, :jbuilder]}. Searched in:
  * "/Users/brettschules/Desktop/Dev/Flatiron/rails-hello-world-lab-web-042417/app/views"
):
  app/controllers/static_controller.rb:3:in `hello_world'


  Rendered /Users/brettschules/.rvm/gems/ruby-2.3.0/gems/actionpack-4.2.3/lib/action_dispatch/middleware/templates/rescues/_source.erb (11.0ms)
  Rendered /Users/brettschules/.rvm/gems/ruby-2.3.0/gems/actionpack-4.2.3/lib/action_dispatch/middleware/templates/rescues/_trace.html.erb (7.4ms)
  Rendered /Users/brettschules/.rvm/gems/ruby-2.3.0/gems/actionpack-4.2.3/lib/action_dispatch/middleware/templates/rescues/_request_and_response.html.erb (1.8ms)
  Rendered /Users/brettschules/.rvm/gems/ruby-2.3.0/gems/actionpack-4.2.3/lib/action_dispatch/middleware/templates/rescues/missing_template.html.erb within rescues/layout (133.6ms)
  Rendered /Users/brettschules/.rvm/gems/ruby-2.3.0/gems/web-console-2.2.1/lib/web_console/templates/_markup.html.erb (0.8ms)
  Rendered /Users/brettschules/.rvm/gems/ruby-2.3.0/gems/web-console-2.2.1/lib/web_console/templates/_inner_console_markup.html.erb within layouts/inlined_string (0.6ms)
  Rendered /Users/brettschules/.rvm/gems/ruby-2.3.0/gems/web-console-2.2.1/lib/web_console/templates/_prompt_box_markup.html.erb within layouts/inlined_string (0.6ms)
  Rendered /Users/brettschules/.rvm/gems/ruby-2.3.0/gems/web-console-2.2.1/lib/web_console/templates/style.css.erb within layouts/inlined_string (0.6ms)
  Rendered /Users/brettschules/.rvm/gems/ruby-2.3.0/gems/web-console-2.2.1/lib/web_console/templates/console.js.erb within layouts/javascript (185.9ms)
  Rendered /Users/brettschules/.rvm/gems/ruby-2.3.0/gems/web-console-2.2.1/lib/web_console/templates/main.js.erb within layouts/javascript (0.6ms)
  Rendered /Users/brettschules/.rvm/gems/ruby-2.3.0/gems/web-console-2.2.1/lib/web_console/templates/error_page.js.erb within layouts/javascript (0.7ms)
  Rendered /Users/brettschules/.rvm/gems/ruby-2.3.0/gems/web-console-2.2.1/lib/web_console/templates/index.html.erb (370.1ms)


Started GET "/hello_world" for ::1 at 2017-05-19 11:19:44 -0400
Processing by StaticController#hello_world as HTML
Completed 500 Internal Server Error in 7ms (ActiveRecord: 0.0ms)

ActionView::MissingTemplate (Missing template static/some_page.erb, application/some_page.erb with {:locale=>[:en], :formats=>[:html], :variants=>[], :handlers=>[:erb, :builder, :raw, :ruby, :coffee, :jbuilder]}. Searched in:
  * "/Users/brettschules/Desktop/Dev/Flatiron/rails-hello-world-lab-web-042417/app/views"
):
  app/controllers/static_controller.rb:3:in `hello_world'


  Rendered /Users/brettschules/.rvm/gems/ruby-2.3.0/gems/actionpack-4.2.3/lib/action_dispatch/middleware/templates/rescues/_source.erb (13.4ms)
  Rendered /Users/brettschules/.rvm/gems/ruby-2.3.0/gems/actionpack-4.2.3/lib/action_dispatch/middleware/templates/rescues/_trace.html.erb (4.9ms)
  Rendered /Users/brettschules/.rvm/gems/ruby-2.3.0/gems/actionpack-4.2.3/lib/action_dispatch/middleware/templates/rescues/_request_and_response.html.erb (2.7ms)
  Rendered /Users/brettschules/.rvm/gems/ruby-2.3.0/gems/actionpack-4.2.3/lib/action_dispatch/middleware/templates/rescues/missing_template.html.erb within rescues/layout (148.1ms)
  Rendered /Users/brettschules/.rvm/gems/ruby-2.3.0/gems/web-console-2.2.1/lib/web_console/templates/_markup.html.erb (0.9ms)
  Rendered /Users/brettschules/.rvm/gems/ruby-2.3.0/gems/web-console-2.2.1/lib/web_console/templates/_inner_console_markup.html.erb within layouts/inlined_string (0.5ms)
  Rendered /Users/brettschules/.rvm/gems/ruby-2.3.0/gems/web-console-2.2.1/lib/web_console/templates/_prompt_box_markup.html.erb within layouts/inlined_string (0.5ms)
  Rendered /Users/brettschules/.rvm/gems/ruby-2.3.0/gems/web-console-2.2.1/lib/web_console/templates/style.css.erb within layouts/inlined_string (0.6ms)
  Rendered /Users/brettschules/.rvm/gems/ruby-2.3.0/gems/web-console-2.2.1/lib/web_console/templates/console.js.erb within layouts/javascript (116.1ms)
  Rendered /Users/brettschules/.rvm/gems/ruby-2.3.0/gems/web-console-2.2.1/lib/web_console/templates/main.js.erb within layouts/javascript (1.0ms)
  Rendered /Users/brettschules/.rvm/gems/ruby-2.3.0/gems/web-console-2.2.1/lib/web_console/templates/error_page.js.erb within layouts/javascript (0.8ms)
  Rendered /Users/brettschules/.rvm/gems/ruby-2.3.0/gems/web-console-2.2.1/lib/web_console/templates/index.html.erb (259.4ms)


Started GET "/hello_world" for ::1 at 2017-05-19 11:22:10 -0400
Processing by StaticController#hello_world as HTML
Completed 500 Internal Server Error in 34ms (ActiveRecord: 0.0ms)

ActionView::MissingTemplate (Missing template static/some_page, application/some_page with {:locale=>[:en], :formats=>[:html], :variants=>[], :handlers=>[:erb, :builder, :raw, :ruby, :coffee, :jbuilder]}. Searched in:
  * "/Users/brettschules/Desktop/Dev/Flatiron/rails-hello-world-lab-web-042417/app/views"
):
  app/controllers/static_controller.rb:3:in `hello_world'


  Rendered /Users/brettschules/.rvm/gems/ruby-2.3.0/gems/actionpack-4.2.3/lib/action_dispatch/middleware/templates/rescues/_source.erb (13.4ms)
  Rendered /Users/brettschules/.rvm/gems/ruby-2.3.0/gems/actionpack-4.2.3/lib/action_dispatch/middleware/templates/rescues/_trace.html.erb (5.0ms)
  Rendered /Users/brettschules/.rvm/gems/ruby-2.3.0/gems/actionpack-4.2.3/lib/action_dispatch/middleware/templates/rescues/_request_and_response.html.erb (1.3ms)
  Rendered /Users/brettschules/.rvm/gems/ruby-2.3.0/gems/actionpack-4.2.3/lib/action_dispatch/middleware/templates/rescues/missing_template.html.erb within rescues/layout (157.9ms)
  Rendered /Users/brettschules/.rvm/gems/ruby-2.3.0/gems/web-console-2.2.1/lib/web_console/templates/_markup.html.erb (0.6ms)
  Rendered /Users/brettschules/.rvm/gems/ruby-2.3.0/gems/web-console-2.2.1/lib/web_console/templates/_inner_console_markup.html.erb within layouts/inlined_string (0.6ms)
  Rendered /Users/brettschules/.rvm/gems/ruby-2.3.0/gems/web-console-2.2.1/lib/web_console/templates/_prompt_box_markup.html.erb within layouts/inlined_string (0.5ms)
  Rendered /Users/brettschules/.rvm/gems/ruby-2.3.0/gems/web-console-2.2.1/lib/web_console/templates/style.css.erb within layouts/inlined_string (0.8ms)
  Rendered /Users/brettschules/.rvm/gems/ruby-2.3.0/gems/web-console-2.2.1/lib/web_console/templates/console.js.erb within layouts/javascript (118.9ms)
  Rendered /Users/brettschules/.rvm/gems/ruby-2.3.0/gems/web-console-2.2.1/lib/web_console/templates/main.js.erb within layouts/javascript (0.5ms)
  Rendered /Users/brettschules/.rvm/gems/ruby-2.3.0/gems/web-console-2.2.1/lib/web_console/templates/error_page.js.erb within layouts/javascript (0.6ms)
  Rendered /Users/brettschules/.rvm/gems/ruby-2.3.0/gems/web-console-2.2.1/lib/web_console/templates/index.html.erb (283.4ms)


Started GET "/hello_world" for ::1 at 2017-05-19 11:28:21 -0400
Processing by StaticController#hello_world as HTML
Completed 500 Internal Server Error in 42ms (ActiveRecord: 0.0ms)

ActionView::MissingTemplate (Missing template static/some_page, application/some_page with {:locale=>[:en], :formats=>[:html], :variants=>[], :handlers=>[:erb, :builder, :raw, :ruby, :coffee, :jbuilder]}. Searched in:
  * "/Users/brettschules/Desktop/Dev/Flatiron/rails-hello-world-lab-web-042417/app/views"
):
  app/controllers/static_controller.rb:3:in `hello_world'


  Rendered /Users/brettschules/.rvm/gems/ruby-2.3.0/gems/actionpack-4.2.3/lib/action_dispatch/middleware/templates/rescues/_source.erb (11.6ms)
  Rendered /Users/brettschules/.rvm/gems/ruby-2.3.0/gems/actionpack-4.2.3/lib/action_dispatch/middleware/templates/rescues/_trace.html.erb (4.5ms)
  Rendered /Users/brettschules/.rvm/gems/ruby-2.3.0/gems/actionpack-4.2.3/lib/action_dispatch/middleware/templates/rescues/_request_and_response.html.erb (1.4ms)
  Rendered /Users/brettschules/.rvm/gems/ruby-2.3.0/gems/actionpack-4.2.3/lib/action_dispatch/middleware/templates/rescues/missing_template.html.erb within rescues/layout (145.7ms)
  Rendered /Users/brettschules/.rvm/gems/ruby-2.3.0/gems/web-console-2.2.1/lib/web_console/templates/_markup.html.erb (3.3ms)
  Rendered /Users/brettschules/.rvm/gems/ruby-2.3.0/gems/web-console-2.2.1/lib/web_console/templates/_inner_console_markup.html.erb within layouts/inlined_string (1.1ms)
  Rendered /Users/brettschules/.rvm/gems/ruby-2.3.0/gems/web-console-2.2.1/lib/web_console/templates/_prompt_box_markup.html.erb within layouts/inlined_string (0.5ms)
  Rendered /Users/brettschules/.rvm/gems/ruby-2.3.0/gems/web-console-2.2.1/lib/web_console/templates/style.css.erb within layouts/inlined_string (0.6ms)
  Rendered /Users/brettschules/.rvm/gems/ruby-2.3.0/gems/web-console-2.2.1/lib/web_console/templates/console.js.erb within layouts/javascript (131.6ms)
  Rendered /Users/brettschules/.rvm/gems/ruby-2.3.0/gems/web-console-2.2.1/lib/web_console/templates/main.js.erb within layouts/javascript (0.5ms)
  Rendered /Users/brettschules/.rvm/gems/ruby-2.3.0/gems/web-console-2.2.1/lib/web_console/templates/error_page.js.erb within layouts/javascript (0.7ms)
  Rendered /Users/brettschules/.rvm/gems/ruby-2.3.0/gems/web-console-2.2.1/lib/web_console/templates/index.html.erb (308.1ms)


Started GET "/hello_world" for ::1 at 2017-05-19 11:29:23 -0400
Processing by StaticController#hello_world as HTML
Completed 500 Internal Server Error in 8ms (ActiveRecord: 0.0ms)

ActionView::MissingTemplate (Missing template static/some_page.html.erb, application/some_page.html.erb with {:locale=>[:en], :formats=>[:html], :variants=>[], :handlers=>[:erb, :builder, :raw, :ruby, :coffee, :jbuilder]}. Searched in:
  * "/Users/brettschules/Desktop/Dev/Flatiron/rails-hello-world-lab-web-042417/app/views"
):
  app/controllers/static_controller.rb:3:in `hello_world'


  Rendered /Users/brettschules/.rvm/gems/ruby-2.3.0/gems/actionpack-4.2.3/lib/action_dispatch/middleware/templates/rescues/_source.erb (10.7ms)
  Rendered /Users/brettschules/.rvm/gems/ruby-2.3.0/gems/actionpack-4.2.3/lib/action_dispatch/middleware/templates/rescues/_trace.html.erb (4.1ms)
  Rendered /Users/brettschules/.rvm/gems/ruby-2.3.0/gems/actionpack-4.2.3/lib/action_dispatch/middleware/templates/rescues/_request_and_response.html.erb (1.4ms)
  Rendered /Users/brettschules/.rvm/gems/ruby-2.3.0/gems/actionpack-4.2.3/lib/action_dispatch/middleware/templates/rescues/missing_template.html.erb within rescues/layout (142.2ms)
  Rendered /Users/brettschules/.rvm/gems/ruby-2.3.0/gems/web-console-2.2.1/lib/web_console/templates/_markup.html.erb (0.6ms)
  Rendered /Users/brettschules/.rvm/gems/ruby-2.3.0/gems/web-console-2.2.1/lib/web_console/templates/_inner_console_markup.html.erb within layouts/inlined_string (0.5ms)
  Rendered /Users/brettschules/.rvm/gems/ruby-2.3.0/gems/web-console-2.2.1/lib/web_console/templates/_prompt_box_markup.html.erb within layouts/inlined_string (0.5ms)
  Rendered /Users/brettschules/.rvm/gems/ruby-2.3.0/gems/web-console-2.2.1/lib/web_console/templates/style.css.erb within layouts/inlined_string (0.6ms)
  Rendered /Users/brettschules/.rvm/gems/ruby-2.3.0/gems/web-console-2.2.1/lib/web_console/templates/console.js.erb within layouts/javascript (110.1ms)
  Rendered /Users/brettschules/.rvm/gems/ruby-2.3.0/gems/web-console-2.2.1/lib/web_console/templates/main.js.erb within layouts/javascript (0.5ms)
  Rendered /Users/brettschules/.rvm/gems/ruby-2.3.0/gems/web-console-2.2.1/lib/web_console/templates/error_page.js.erb within layouts/javascript (0.7ms)
  Rendered /Users/brettschules/.rvm/gems/ruby-2.3.0/gems/web-console-2.2.1/lib/web_console/templates/index.html.erb (245.5ms)


Started GET "/hello_world" for ::1 at 2017-05-19 11:29:33 -0400
Processing by StaticController#hello_world as HTML
Completed 500 Internal Server Error in 6ms (ActiveRecord: 0.0ms)

ActionView::MissingTemplate (Missing template static/some_page, application/some_page with {:locale=>[:en], :formats=>[:html], :variants=>[], :handlers=>[:erb, :builder, :raw, :ruby, :coffee, :jbuilder]}. Searched in:
  * "/Users/brettschules/Desktop/Dev/Flatiron/rails-hello-world-lab-web-042417/app/views"
):
  app/controllers/static_controller.rb:3:in `hello_world'


  Rendered /Users/brettschules/.rvm/gems/ruby-2.3.0/gems/actionpack-4.2.3/lib/action_dispatch/middleware/templates/rescues/_source.erb (8.7ms)
  Rendered /Users/brettschules/.rvm/gems/ruby-2.3.0/gems/actionpack-4.2.3/lib/action_dispatch/middleware/templates/rescues/_trace.html.erb (4.7ms)
  Rendered /Users/brettschules/.rvm/gems/ruby-2.3.0/gems/actionpack-4.2.3/lib/action_dispatch/middleware/templates/rescues/_request_and_response.html.erb (1.5ms)
  Rendered /Users/brettschules/.rvm/gems/ruby-2.3.0/gems/actionpack-4.2.3/lib/action_dispatch/middleware/templates/rescues/missing_template.html.erb within rescues/layout (144.9ms)
  Rendered /Users/brettschules/.rvm/gems/ruby-2.3.0/gems/web-console-2.2.1/lib/web_console/templates/_markup.html.erb (0.6ms)
  Rendered /Users/brettschules/.rvm/gems/ruby-2.3.0/gems/web-console-2.2.1/lib/web_console/templates/_inner_console_markup.html.erb within layouts/inlined_string (0.6ms)
  Rendered /Users/brettschules/.rvm/gems/ruby-2.3.0/gems/web-console-2.2.1/lib/web_console/templates/_prompt_box_markup.html.erb within layouts/inlined_string (1.3ms)
  Rendered /Users/brettschules/.rvm/gems/ruby-2.3.0/gems/web-console-2.2.1/lib/web_console/templates/style.css.erb within layouts/inlined_string (1.1ms)
  Rendered /Users/brettschules/.rvm/gems/ruby-2.3.0/gems/web-console-2.2.1/lib/web_console/templates/console.js.erb within layouts/javascript (109.0ms)
  Rendered /Users/brettschules/.rvm/gems/ruby-2.3.0/gems/web-console-2.2.1/lib/web_console/templates/main.js.erb within layouts/javascript (0.5ms)
  Rendered /Users/brettschules/.rvm/gems/ruby-2.3.0/gems/web-console-2.2.1/lib/web_console/templates/error_page.js.erb within layouts/javascript (0.7ms)
  Rendered /Users/brettschules/.rvm/gems/ruby-2.3.0/gems/web-console-2.2.1/lib/web_console/templates/index.html.erb (245.6ms)


Started GET "/about" for ::1 at 2017-05-19 11:31:32 -0400

ActionController::RoutingError (No route matches [GET] "/about"):
  actionpack (4.2.3) lib/action_dispatch/middleware/debug_exceptions.rb:21:in `call'
  web-console (2.2.1) lib/web_console/middleware.rb:39:in `call'
  actionpack (4.2.3) lib/action_dispatch/middleware/show_exceptions.rb:30:in `call'
  railties (4.2.3) lib/rails/rack/logger.rb:38:in `call_app'
  railties (4.2.3) lib/rails/rack/logger.rb:20:in `block in call'
  activesupport (4.2.3) lib/active_support/tagged_logging.rb:68:in `block in tagged'
  activesupport (4.2.3) lib/active_support/tagged_logging.rb:26:in `tagged'
  activesupport (4.2.3) lib/active_support/tagged_logging.rb:68:in `tagged'
  railties (4.2.3) lib/rails/rack/logger.rb:20:in `call'
  actionpack (4.2.3) lib/action_dispatch/middleware/request_id.rb:21:in `call'
  rack (1.6.4) lib/rack/methodoverride.rb:22:in `call'
  rack (1.6.4) lib/rack/runtime.rb:18:in `call'
  activesupport (4.2.3) lib/active_support/cache/strategy/local_cache_middleware.rb:28:in `call'
  rack (1.6.4) lib/rack/lock.rb:17:in `call'
  actionpack (4.2.3) lib/action_dispatch/middleware/static.rb:116:in `call'
  rack (1.6.4) lib/rack/sendfile.rb:113:in `call'
  railties (4.2.3) lib/rails/engine.rb:518:in `call'
  railties (4.2.3) lib/rails/application.rb:165:in `call'
  rack (1.6.4) lib/rack/lock.rb:17:in `call'
  rack (1.6.4) lib/rack/content_length.rb:15:in `call'
  rack (1.6.4) lib/rack/handler/webrick.rb:88:in `service'
  /Users/brettschules/.rvm/rubies/ruby-2.3.0/lib/ruby/2.3.0/webrick/httpserver.rb:140:in `service'
  /Users/brettschules/.rvm/rubies/ruby-2.3.0/lib/ruby/2.3.0/webrick/httpserver.rb:96:in `run'
  /Users/brettschules/.rvm/rubies/ruby-2.3.0/lib/ruby/2.3.0/webrick/server.rb:296:in `block in start_thread'


  Rendered /Users/brettschules/.rvm/gems/ruby-2.3.0/gems/actionpack-4.2.3/lib/action_dispatch/middleware/templates/rescues/_trace.html.erb (2.4ms)
  Rendered /Users/brettschules/.rvm/gems/ruby-2.3.0/gems/actionpack-4.2.3/lib/action_dispatch/middleware/templates/routes/_route.html.erb (1.5ms)
  Rendered /Users/brettschules/.rvm/gems/ruby-2.3.0/gems/actionpack-4.2.3/lib/action_dispatch/middleware/templates/routes/_table.html.erb (18.5ms)
  Rendered /Users/brettschules/.rvm/gems/ruby-2.3.0/gems/actionpack-4.2.3/lib/action_dispatch/middleware/templates/rescues/_request_and_response.html.erb (24.8ms)
  Rendered /Users/brettschules/.rvm/gems/ruby-2.3.0/gems/actionpack-4.2.3/lib/action_dispatch/middleware/templates/rescues/routing_error.html.erb within rescues/layout (244.9ms)
  Rendered /Users/brettschules/.rvm/gems/ruby-2.3.0/gems/web-console-2.2.1/lib/web_console/templates/_markup.html.erb (0.6ms)
  Rendered /Users/brettschules/.rvm/gems/ruby-2.3.0/gems/web-console-2.2.1/lib/web_console/templates/_inner_console_markup.html.erb within layouts/inlined_string (0.5ms)
  Rendered /Users/brettschules/.rvm/gems/ruby-2.3.0/gems/web-console-2.2.1/lib/web_console/templates/_prompt_box_markup.html.erb within layouts/inlined_string (0.5ms)
  Rendered /Users/brettschules/.rvm/gems/ruby-2.3.0/gems/web-console-2.2.1/lib/web_console/templates/style.css.erb within layouts/inlined_string (0.5ms)
  Rendered /Users/brettschules/.rvm/gems/ruby-2.3.0/gems/web-console-2.2.1/lib/web_console/templates/console.js.erb within layouts/javascript (147.8ms)
  Rendered /Users/brettschules/.rvm/gems/ruby-2.3.0/gems/web-console-2.2.1/lib/web_console/templates/main.js.erb within layouts/javascript (0.4ms)
  Rendered /Users/brettschules/.rvm/gems/ruby-2.3.0/gems/web-console-2.2.1/lib/web_console/templates/error_page.js.erb within layouts/javascript (0.6ms)
  Rendered /Users/brettschules/.rvm/gems/ruby-2.3.0/gems/web-console-2.2.1/lib/web_console/templates/index.html.erb (302.5ms)


Started GET "/hello_world" for ::1 at 2017-05-19 11:31:39 -0400
Processing by StaticController#hello_world as HTML
Completed 500 Internal Server Error in 9ms (ActiveRecord: 0.0ms)

ActionView::MissingTemplate (Missing template static/some_page, application/some_page with {:locale=>[:en], :formats=>[:html], :variants=>[], :handlers=>[:erb, :builder, :raw, :ruby, :coffee, :jbuilder]}. Searched in:
  * "/Users/brettschules/Desktop/Dev/Flatiron/rails-hello-world-lab-web-042417/app/views"
):
  app/controllers/static_controller.rb:3:in `hello_world'


  Rendered /Users/brettschules/.rvm/gems/ruby-2.3.0/gems/actionpack-4.2.3/lib/action_dispatch/middleware/templates/rescues/_source.erb (12.4ms)
  Rendered /Users/brettschules/.rvm/gems/ruby-2.3.0/gems/actionpack-4.2.3/lib/action_dispatch/middleware/templates/rescues/_trace.html.erb (4.8ms)
  Rendered /Users/brettschules/.rvm/gems/ruby-2.3.0/gems/actionpack-4.2.3/lib/action_dispatch/middleware/templates/rescues/_request_and_response.html.erb (1.3ms)
  Rendered /Users/brettschules/.rvm/gems/ruby-2.3.0/gems/actionpack-4.2.3/lib/action_dispatch/middleware/templates/rescues/missing_template.html.erb within rescues/layout (157.3ms)
  Rendered /Users/brettschules/.rvm/gems/ruby-2.3.0/gems/web-console-2.2.1/lib/web_console/templates/_markup.html.erb (1.0ms)
  Rendered /Users/brettschules/.rvm/gems/ruby-2.3.0/gems/web-console-2.2.1/lib/web_console/templates/_inner_console_markup.html.erb within layouts/inlined_string (0.9ms)
  Rendered /Users/brettschules/.rvm/gems/ruby-2.3.0/gems/web-console-2.2.1/lib/web_console/templates/_prompt_box_markup.html.erb within layouts/inlined_string (0.5ms)
  Rendered /Users/brettschules/.rvm/gems/ruby-2.3.0/gems/web-console-2.2.1/lib/web_console/templates/style.css.erb within layouts/inlined_string (0.9ms)
  Rendered /Users/brettschules/.rvm/gems/ruby-2.3.0/gems/web-console-2.2.1/lib/web_console/templates/console.js.erb within layouts/javascript (115.2ms)
  Rendered /Users/brettschules/.rvm/gems/ruby-2.3.0/gems/web-console-2.2.1/lib/web_console/templates/main.js.erb within layouts/javascript (0.4ms)
  Rendered /Users/brettschules/.rvm/gems/ruby-2.3.0/gems/web-console-2.2.1/lib/web_console/templates/error_page.js.erb within layouts/javascript (0.6ms)
  Rendered /Users/brettschules/.rvm/gems/ruby-2.3.0/gems/web-console-2.2.1/lib/web_console/templates/index.html.erb (276.0ms)


Started GET "/hello_world" for ::1 at 2017-05-19 11:35:48 -0400
Processing by StaticController#hello_world as HTML
Completed 500 Internal Server Error in 16ms (ActiveRecord: 0.0ms)

NoMethodError (undefined method `get' for #<StaticController:0x007fc17facb078>
Did you mean?  gets
               gem):
  app/controllers/static_controller.rb:3:in `hello_world'


  Rendered /Users/brettschules/.rvm/gems/ruby-2.3.0/gems/actionpack-4.2.3/lib/action_dispatch/middleware/templates/rescues/_source.erb (10.5ms)
  Rendered /Users/brettschules/.rvm/gems/ruby-2.3.0/gems/actionpack-4.2.3/lib/action_dispatch/middleware/templates/rescues/_trace.html.erb (4.0ms)
  Rendered /Users/brettschules/.rvm/gems/ruby-2.3.0/gems/actionpack-4.2.3/lib/action_dispatch/middleware/templates/rescues/_request_and_response.html.erb (1.4ms)
  Rendered /Users/brettschules/.rvm/gems/ruby-2.3.0/gems/actionpack-4.2.3/lib/action_dispatch/middleware/templates/rescues/diagnostics.html.erb within rescues/layout (150.3ms)
  Rendered /Users/brettschules/.rvm/gems/ruby-2.3.0/gems/web-console-2.2.1/lib/web_console/templates/_markup.html.erb (0.7ms)
  Rendered /Users/brettschules/.rvm/gems/ruby-2.3.0/gems/web-console-2.2.1/lib/web_console/templates/_inner_console_markup.html.erb within layouts/inlined_string (0.9ms)
  Rendered /Users/brettschules/.rvm/gems/ruby-2.3.0/gems/web-console-2.2.1/lib/web_console/templates/_prompt_box_markup.html.erb within layouts/inlined_string (0.4ms)
  Rendered /Users/brettschules/.rvm/gems/ruby-2.3.0/gems/web-console-2.2.1/lib/web_console/templates/style.css.erb within layouts/inlined_string (0.6ms)
  Rendered /Users/brettschules/.rvm/gems/ruby-2.3.0/gems/web-console-2.2.1/lib/web_console/templates/console.js.erb within layouts/javascript (118.1ms)
  Rendered /Users/brettschules/.rvm/gems/ruby-2.3.0/gems/web-console-2.2.1/lib/web_console/templates/main.js.erb within layouts/javascript (0.4ms)
  Rendered /Users/brettschules/.rvm/gems/ruby-2.3.0/gems/web-console-2.2.1/lib/web_console/templates/error_page.js.erb within layouts/javascript (0.6ms)
  Rendered /Users/brettschules/.rvm/gems/ruby-2.3.0/gems/web-console-2.2.1/lib/web_console/templates/index.html.erb (260.0ms)


Started GET "/hello_world" for ::1 at 2017-05-19 11:36:05 -0400
Processing by StaticController#hello_world as HTML
Completed 500 Internal Server Error in 8ms (ActiveRecord: 0.0ms)

ActionView::MissingTemplate (Missing template static/some_page, application/some_page with {:locale=>[:en], :formats=>[:html], :variants=>[], :handlers=>[:erb, :builder, :raw, :ruby, :coffee, :jbuilder]}. Searched in:
  * "/Users/brettschules/Desktop/Dev/Flatiron/rails-hello-world-lab-web-042417/app/views"
):
  app/controllers/static_controller.rb:3:in `hello_world'


  Rendered /Users/brettschules/.rvm/gems/ruby-2.3.0/gems/actionpack-4.2.3/lib/action_dispatch/middleware/templates/rescues/_source.erb (10.8ms)
  Rendered /Users/brettschules/.rvm/gems/ruby-2.3.0/gems/actionpack-4.2.3/lib/action_dispatch/middleware/templates/rescues/_trace.html.erb (5.1ms)
  Rendered /Users/brettschules/.rvm/gems/ruby-2.3.0/gems/actionpack-4.2.3/lib/action_dispatch/middleware/templates/rescues/_request_and_response.html.erb (1.6ms)
  Rendered /Users/brettschules/.rvm/gems/ruby-2.3.0/gems/actionpack-4.2.3/lib/action_dispatch/middleware/templates/rescues/missing_template.html.erb within rescues/layout (140.7ms)
  Rendered /Users/brettschules/.rvm/gems/ruby-2.3.0/gems/web-console-2.2.1/lib/web_console/templates/_markup.html.erb (0.9ms)
  Rendered /Users/brettschules/.rvm/gems/ruby-2.3.0/gems/web-console-2.2.1/lib/web_console/templates/_inner_console_markup.html.erb within layouts/inlined_string (0.5ms)
  Rendered /Users/brettschules/.rvm/gems/ruby-2.3.0/gems/web-console-2.2.1/lib/web_console/templates/_prompt_box_markup.html.erb within layouts/inlined_string (0.8ms)
  Rendered /Users/brettschules/.rvm/gems/ruby-2.3.0/gems/web-console-2.2.1/lib/web_console/templates/style.css.erb within layouts/inlined_string (0.6ms)
  Rendered /Users/brettschules/.rvm/gems/ruby-2.3.0/gems/web-console-2.2.1/lib/web_console/templates/console.js.erb within layouts/javascript (139.2ms)
  Rendered /Users/brettschules/.rvm/gems/ruby-2.3.0/gems/web-console-2.2.1/lib/web_console/templates/main.js.erb within layouts/javascript (0.5ms)
  Rendered /Users/brettschules/.rvm/gems/ruby-2.3.0/gems/web-console-2.2.1/lib/web_console/templates/error_page.js.erb within layouts/javascript (0.7ms)
  Rendered /Users/brettschules/.rvm/gems/ruby-2.3.0/gems/web-console-2.2.1/lib/web_console/templates/index.html.erb (290.2ms)


Started GET "/hello_world" for ::1 at 2017-05-19 11:39:04 -0400
Processing by StaticController#hello_world as HTML
Completed 500 Internal Server Error in 6ms (ActiveRecord: 0.0ms)

ActionView::MissingTemplate (Missing template static_controller/some_page with {:locale=>[:en], :formats=>[:html], :variants=>[], :handlers=>[:erb, :builder, :raw, :ruby, :coffee, :jbuilder]}. Searched in:
  * "/Users/brettschules/Desktop/Dev/Flatiron/rails-hello-world-lab-web-042417/app/views"
):
  app/controllers/static_controller.rb:3:in `hello_world'


  Rendered /Users/brettschules/.rvm/gems/ruby-2.3.0/gems/actionpack-4.2.3/lib/action_dispatch/middleware/templates/rescues/_source.erb (21.8ms)
  Rendered /Users/brettschules/.rvm/gems/ruby-2.3.0/gems/actionpack-4.2.3/lib/action_dispatch/middleware/templates/rescues/_trace.html.erb (17.8ms)
  Rendered /Users/brettschules/.rvm/gems/ruby-2.3.0/gems/actionpack-4.2.3/lib/action_dispatch/middleware/templates/rescues/_request_and_response.html.erb (1.8ms)
  Rendered /Users/brettschules/.rvm/gems/ruby-2.3.0/gems/actionpack-4.2.3/lib/action_dispatch/middleware/templates/rescues/missing_template.html.erb within rescues/layout (156.1ms)
  Rendered /Users/brettschules/.rvm/gems/ruby-2.3.0/gems/web-console-2.2.1/lib/web_console/templates/_markup.html.erb (0.9ms)
  Rendered /Users/brettschules/.rvm/gems/ruby-2.3.0/gems/web-console-2.2.1/lib/web_console/templates/_inner_console_markup.html.erb within layouts/inlined_string (0.7ms)
  Rendered /Users/brettschules/.rvm/gems/ruby-2.3.0/gems/web-console-2.2.1/lib/web_console/templates/_prompt_box_markup.html.erb within layouts/inlined_string (0.9ms)
  Rendered /Users/brettschules/.rvm/gems/ruby-2.3.0/gems/web-console-2.2.1/lib/web_console/templates/style.css.erb within layouts/inlined_string (0.6ms)
  Rendered /Users/brettschules/.rvm/gems/ruby-2.3.0/gems/web-console-2.2.1/lib/web_console/templates/console.js.erb within layouts/javascript (109.8ms)
  Rendered /Users/brettschules/.rvm/gems/ruby-2.3.0/gems/web-console-2.2.1/lib/web_console/templates/main.js.erb within layouts/javascript (0.6ms)
  Rendered /Users/brettschules/.rvm/gems/ruby-2.3.0/gems/web-console-2.2.1/lib/web_console/templates/error_page.js.erb within layouts/javascript (1.3ms)
  Rendered /Users/brettschules/.rvm/gems/ruby-2.3.0/gems/web-console-2.2.1/lib/web_console/templates/index.html.erb (244.0ms)


Started GET "/hello_world" for ::1 at 2017-05-19 11:42:17 -0400
Processing by StaticController#hello_world as HTML
  Rendered static/hello.html.erb within layouts/application (1.5ms)
Completed 200 OK in 2599ms (Views: 2597.6ms | ActiveRecord: 0.0ms)


Started GET "/assets/static.self-e3b0c44298fc1c149afbf4c8996fb92427ae41e4649b934ca495991b7852b855.css?body=1" for ::1 at 2017-05-19 11:42:20 -0400


Started GET "/assets/static_contoller.self-e3b0c44298fc1c149afbf4c8996fb92427ae41e4649b934ca495991b7852b855.css?body=1" for ::1 at 2017-05-19 11:42:20 -0400


Started GET "/assets/application.self-e80e8f2318043e8af94dddc2adad5a4f09739a8ebb323b3ab31cd71d45fd9113.css?body=1" for ::1 at 2017-05-19 11:42:20 -0400


Started GET "/assets/turbolinks.self-c37727e9bd6b2735da5c311aa83fead54ed0be6cc8bd9a65309e9c5abe2cbfff.js?body=1" for ::1 at 2017-05-19 11:42:20 -0400


Started GET "/assets/static_contoller.self-877aef30ae1b040ab8a3aba4e3e309a11d7f2612f44dde450b5c157aa5f95c05.js?body=1" for ::1 at 2017-05-19 11:42:20 -0400


Started GET "/assets/static.self-877aef30ae1b040ab8a3aba4e3e309a11d7f2612f44dde450b5c157aa5f95c05.js?body=1" for ::1 at 2017-05-19 11:42:20 -0400


Started GET "/assets/jquery.self-a714331225dda820228db323939889f149aec0127aeb06255646b616ba1ca419.js?body=1" for ::1 at 2017-05-19 11:42:20 -0400


Started GET "/assets/jquery_ujs.self-d456baa54c1fa6be2ec3711f0a72ddf7a5b2f34a6b4f515f33767d6207b7d4b3.js?body=1" for ::1 at 2017-05-19 11:42:20 -0400


Started GET "/assets/application.self-3b8dabdc891efe46b9a144b400ad69e37d7e5876bdc39dee783419a69d7ca819.js?body=1" for ::1 at 2017-05-19 11:42:20 -0400


Started GET "/hello_world" for ::1 at 2017-05-19 11:42:22 -0400
Processing by StaticController#hello_world as HTML
  Rendered static/hello.html.erb within layouts/application (0.2ms)
Completed 200 OK in 134ms (Views: 133.1ms | ActiveRecord: 0.0ms)
